<?xml version="1.0" encoding="UTF-8"?>
<!-- Generated by org.testng.reporters.JUnitXMLReporter -->
<testsuite hostname="HW2307" name="Test-ie-Web" tests="1" failures="1" timestamp="2 Nov 2016 14:14:18 GMT" time="25.942" errors="0">
  <testcase name="Prizma_Request" time="14.893" classname="com.web.automation.scripts.PrizmaValidation">
    <failure type="java.lang.AssertionError" message="Test Case Failed because - Failed to create ACS Account.">
      <![CDATA[java.lang.AssertionError: Test Case Failed because - Failed to create ACS Account.
	at com.web.automation.scripts.PrizmaValidation.TestCaseStatus(PrizmaValidation.java:42)
	at com.web.automation.scripts.PrizmaValidation.Prizma_Request(PrizmaValidation.java:95)
	at java.util.concurrent.FutureTask.run(FutureTask.java:266)
	at java.util.concurrent.ThreadPoolExecutor.runWorker(ThreadPoolExecutor.java:1142)
	at java.util.concurrent.ThreadPoolExecutor$Worker.run(ThreadPoolExecutor.java:617)
	at java.lang.Thread.run(Thread.java:745)
... Removed 17 stack frames]]>
    </failure>
  </testcase> <!-- Prizma_Request -->
</testsuite> <!-- Test-ie-Web -->
