<?xml version="1.0" encoding="UTF-8"?>
<testsuite name="ChromeWindowsLocal"
           tests="5"
           failures="2"
           errors="0"
           skipped="0"
           time="142.500">
  <properties />
            <testcase name="TestCustomize_AddTab" time="9.846" classname="com.SalesForce.scripts.Home">
                <failure type="java.lang.AssertionError"
                  message="The tab - Files is not found in the list."
              >
<![CDATA[java.lang.AssertionError: The tab - Files is not found in the list.
  org.testng.Assert.fail(Assert.java:94)
  com.SalesForce.libs.HomeLib.customize_addTab(HomeLib.java:104)
  com.SalesForce.scripts.Home.TestCustomize_AddTab(Home.java:71)
  sun.reflect.NativeMethodAccessorImpl.invoke0(Native Method)
  sun.reflect.NativeMethodAccessorImpl.invoke(Unknown Source)
  sun.reflect.DelegatingMethodAccessorImpl.invoke(Unknown Source)
  java.lang.reflect.Method.invoke(Unknown Source)
  org.testng.internal.MethodInvocationHelper.invokeMethod(MethodInvocationHelper.java:85)
  org.testng.internal.Invoker.invokeMethod(Invoker.java:639)
  org.testng.internal.Invoker.invokeTestMethod(Invoker.java:821)
  org.testng.internal.Invoker.invokeTestMethods(Invoker.java:1131)
  org.testng.internal.TestMethodWorker.invokeTestMethods(TestMethodWorker.java:124)
  org.testng.internal.TestMethodWorker.run(TestMethodWorker.java:108)
  org.testng.TestRunner.privateRun(TestRunner.java:773)
  org.testng.TestRunner.run(TestRunner.java:623)
  org.testng.SuiteRunner.runTest(SuiteRunner.java:357)
  org.testng.SuiteRunner.access$000(SuiteRunner.java:39)
  org.testng.SuiteRunner$SuiteWorker.run(SuiteRunner.java:391)
  org.testng.internal.thread.ThreadUtil$2.call(ThreadUtil.java:64)
  java.util.concurrent.FutureTask.run(Unknown Source)
  java.util.concurrent.ThreadPoolExecutor.runWorker(Unknown Source)
  java.util.concurrent.ThreadPoolExecutor$Worker.run(Unknown Source)
  java.lang.Thread.run(Unknown Source)
]]>
      </failure>

          </testcase>
            <testcase name="TestCustomize_AddTab" time="11.169" classname="com.SalesForce.scripts.Home">
                <failure type="java.lang.AssertionError"
                  message="The tab - Badges is not found in the list."
              >
<![CDATA[java.lang.AssertionError: The tab - Badges is not found in the list.
  org.testng.Assert.fail(Assert.java:94)
  com.SalesForce.libs.HomeLib.customize_addTab(HomeLib.java:104)
  com.SalesForce.scripts.Home.TestCustomize_AddTab(Home.java:71)
  sun.reflect.NativeMethodAccessorImpl.invoke0(Native Method)
  sun.reflect.NativeMethodAccessorImpl.invoke(Unknown Source)
  sun.reflect.DelegatingMethodAccessorImpl.invoke(Unknown Source)
  java.lang.reflect.Method.invoke(Unknown Source)
  org.testng.internal.MethodInvocationHelper.invokeMethod(MethodInvocationHelper.java:85)
  org.testng.internal.Invoker.invokeMethod(Invoker.java:639)
  org.testng.internal.Invoker.invokeTestMethod(Invoker.java:821)
  org.testng.internal.Invoker.invokeTestMethods(Invoker.java:1131)
  org.testng.internal.TestMethodWorker.invokeTestMethods(TestMethodWorker.java:124)
  org.testng.internal.TestMethodWorker.run(TestMethodWorker.java:108)
  org.testng.TestRunner.privateRun(TestRunner.java:773)
  org.testng.TestRunner.run(TestRunner.java:623)
  org.testng.SuiteRunner.runTest(SuiteRunner.java:357)
  org.testng.SuiteRunner.access$000(SuiteRunner.java:39)
  org.testng.SuiteRunner$SuiteWorker.run(SuiteRunner.java:391)
  org.testng.internal.thread.ThreadUtil$2.call(ThreadUtil.java:64)
  java.util.concurrent.FutureTask.run(Unknown Source)
  java.util.concurrent.ThreadPoolExecutor.runWorker(Unknown Source)
  java.util.concurrent.ThreadPoolExecutor$Worker.run(Unknown Source)
  java.lang.Thread.run(Unknown Source)
]]>
      </failure>

          </testcase>
  
  
            <testcase name="TestVerifyMyTaskAndCalenderSection" time="32.612" classname="com.SalesForce.scripts.Home" />
                <testcase name="TestCustomize_RemoveTab" time="43.838" classname="com.SalesForce.scripts.Home" />
                <testcase name="TestCustomize_RemoveTab" time="45.035" classname="com.SalesForce.scripts.Home" />
      
</testsuite>
