<?xml version="1.0" encoding="UTF-8"?>
<!-- Generated by org.testng.reporters.JUnitReportReporter -->
<testsuite hostname="WIN-PBVU1D92USF" name="com.SalesForce.scripts.Home" tests="5" failures="2" timestamp="10 Feb 2016 11:06:32 GMT" time="528.462" errors="0">
  <testcase name="TestVerifyMyTaskAndCalenderSection" time="109.823" classname="com.SalesForce.scripts.Home"/>
  <testcase name="TestCustomize_AddTab" time="86.895" classname="com.SalesForce.scripts.Home">
    <failure type="java.lang.AssertionError" message="The tab - Files is not found in the list.">
      <![CDATA[java.lang.AssertionError: The tab - Files is not found in the list.
	at org.testng.Assert.fail(Assert.java:94)
	at com.SalesForce.libs.HomeLib.customize_addTab(HomeLib.java:104)
	at com.SalesForce.scripts.Home.TestCustomize_AddTab(Home.java:71)
	at sun.reflect.NativeMethodAccessorImpl.invoke0(Native Method)
	at sun.reflect.NativeMethodAccessorImpl.invoke(Unknown Source)
	at sun.reflect.DelegatingMethodAccessorImpl.invoke(Unknown Source)
	at java.lang.reflect.Method.invoke(Unknown Source)
	at org.testng.internal.MethodInvocationHelper.invokeMethod(MethodInvocationHelper.java:85)
	at org.testng.internal.Invoker.invokeMethod(Invoker.java:639)
	at org.testng.internal.Invoker.invokeTestMethod(Invoker.java:821)
	at org.testng.internal.Invoker.invokeTestMethods(Invoker.java:1131)
	at org.testng.internal.TestMethodWorker.invokeTestMethods(TestMethodWorker.java:124)
	at org.testng.internal.TestMethodWorker.run(TestMethodWorker.java:108)
	at org.testng.TestRunner.privateRun(TestRunner.java:773)
	at org.testng.TestRunner.run(TestRunner.java:623)
	at org.testng.SuiteRunner.runTest(SuiteRunner.java:357)
	at org.testng.SuiteRunner.access$000(SuiteRunner.java:39)
	at org.testng.SuiteRunner$SuiteWorker.run(SuiteRunner.java:391)
	at org.testng.internal.thread.ThreadUtil$2.call(ThreadUtil.java:64)
	at java.util.concurrent.FutureTask.run(Unknown Source)
	at java.util.concurrent.ThreadPoolExecutor.runWorker(Unknown Source)
	at java.util.concurrent.ThreadPoolExecutor$Worker.run(Unknown Source)
	at java.lang.Thread.run(Unknown Source)
]]>
    </failure>
  </testcase> <!-- TestCustomize_AddTab -->
  <testcase name="TestCustomize_AddTab" time="88.250" classname="com.SalesForce.scripts.Home">
    <failure type="java.lang.AssertionError" message="The tab - Badges is not found in the list.">
      <![CDATA[java.lang.AssertionError: The tab - Badges is not found in the list.
	at org.testng.Assert.fail(Assert.java:94)
	at com.SalesForce.libs.HomeLib.customize_addTab(HomeLib.java:104)
	at com.SalesForce.scripts.Home.TestCustomize_AddTab(Home.java:71)
	at sun.reflect.NativeMethodAccessorImpl.invoke0(Native Method)
	at sun.reflect.NativeMethodAccessorImpl.invoke(Unknown Source)
	at sun.reflect.DelegatingMethodAccessorImpl.invoke(Unknown Source)
	at java.lang.reflect.Method.invoke(Unknown Source)
	at org.testng.internal.MethodInvocationHelper.invokeMethod(MethodInvocationHelper.java:85)
	at org.testng.internal.Invoker.invokeMethod(Invoker.java:639)
	at org.testng.internal.Invoker.invokeTestMethod(Invoker.java:821)
	at org.testng.internal.Invoker.invokeTestMethods(Invoker.java:1131)
	at org.testng.internal.TestMethodWorker.invokeTestMethods(TestMethodWorker.java:124)
	at org.testng.internal.TestMethodWorker.run(TestMethodWorker.java:108)
	at org.testng.TestRunner.privateRun(TestRunner.java:773)
	at org.testng.TestRunner.run(TestRunner.java:623)
	at org.testng.SuiteRunner.runTest(SuiteRunner.java:357)
	at org.testng.SuiteRunner.access$000(SuiteRunner.java:39)
	at org.testng.SuiteRunner$SuiteWorker.run(SuiteRunner.java:391)
	at org.testng.internal.thread.ThreadUtil$2.call(ThreadUtil.java:64)
	at java.util.concurrent.FutureTask.run(Unknown Source)
	at java.util.concurrent.ThreadPoolExecutor.runWorker(Unknown Source)
	at java.util.concurrent.ThreadPoolExecutor$Worker.run(Unknown Source)
	at java.lang.Thread.run(Unknown Source)
]]>
    </failure>
  </testcase> <!-- TestCustomize_AddTab -->
  <testcase name="TestCustomize_RemoveTab" time="120.951" classname="com.SalesForce.scripts.Home"/>
  <testcase name="TestCustomize_RemoveTab" time="122.543" classname="com.SalesForce.scripts.Home"/>
</testsuite> <!-- com.SalesForce.scripts.Home -->
